app/build/outputs/logs/manifest-merger-debug-report.txt
-- Merging decision tree log ---
manifest
ADDED from src/main/AndroidManifest.xml:2:1-34:12
	package
		ADDED from src/main/AndroidManifest.xml:3:5-40
		INJECTED from src/main/AndroidManifest.xml
		INJECTED from src/main/AndroidManifest.xml
	android:versionName
		INJECTED from src/main/AndroidManifest.xml
		INJECTED from src/main/AndroidManifest.xml
	xmlns:android
		ADDED from src/main/AndroidManifest.xml:2:11-69
	android:versionCode
		INJECTED from src/main/AndroidManifest.xml
		INJECTED from src/main/AndroidManifest.xml
application
ADDED from src/main/AndroidManifest.xml:5:5-32:19
MERGED from [net.hockeyapp.android:HockeySDK:4.1.1] AndroidManifest.xml:15:5-21:19
MERGED from [com.android.support:design:25.0.0] AndroidManifest.xml:25:5-20
MERGED from [com.android.support:support-v4:25.0.0] AndroidManifest.xml:25:5-20
MERGED from [com.android.support:support-compat:25.0.0] AndroidManifest.xml:25:5-20
MERGED from [com.android.support:support-media-compat:25.0.0] AndroidManifest.xml:25:5-20
MERGED from [com.android.support:support-core-utils:25.0.0] AndroidManifest.xml:25:5-20
MERGED from [com.android.support:support-core-ui:25.0.0] AndroidManifest.xml:25:5-20
MERGED from [com.android.support:support-fragment:25.0.0] AndroidManifest.xml:25:5-20
MERGED from [com.android.support:appcompat-v7:25.0.0] AndroidManifest.xml:25:5-20
MERGED from [com.android.support:support-vector-drawable:25.0.0] AndroidManifest.xml:23:5-20
MERGED from [com.android.support:animated-vector-drawable:25.0.0] AndroidManifest.xml:22:5-20
MERGED from [com.android.support:transition:25.0.0] AndroidManifest.xml:22:5-20
MERGED from [uk.co.chrisjenx:calligraphy:2.2.0] AndroidManifest.xml:11:5-20
	android:label
		ADDED from src/main/AndroidManifest.xml:8:9-41
	android:supportsRtl
		ADDED from src/main/AndroidManifest.xml:9:9-35
	android:allowBackup
		ADDED from src/main/AndroidManifest.xml:6:9-35
	android:icon
		ADDED from src/main/AndroidManifest.xml:7:9-43
	android:theme
		ADDED from src/main/AndroidManifest.xml:10:9-65
activity#edu.msu.perrym23.project1.GameSelectionActivity
ADDED from src/main/AndroidManifest.xml:11:9-59
	android:name
		ADDED from src/main/AndroidManifest.xml:11:19-56
activity#edu.msu.perrym23.project1.SplashScreenActivity
ADDED from src/main/AndroidManifest.xml:12:9-18:20
	android:name
		ADDED from src/main/AndroidManifest.xml:12:19-55
intent-filter#android.intent.action.MAIN+android.intent.category.LAUNCHER
ADDED from src/main/AndroidManifest.xml:13:13-17:29
action#android.intent.action.MAIN
ADDED from src/main/AndroidManifest.xml:14:17-69
	android:name
		ADDED from src/main/AndroidManifest.xml:14:25-66
category#android.intent.category.LAUNCHER
ADDED from src/main/AndroidManifest.xml:16:17-77
	android:name
		ADDED from src/main/AndroidManifest.xml:16:27-74
activity#edu.msu.perrym23.project1.GameActivity
ADDED from src/main/AndroidManifest.xml:19:9-21:51
	android:label
		ADDED from src/main/AndroidManifest.xml:20:19-62
	android:launchMode
		ADDED from src/main/AndroidManifest.xml:21:19-49
	android:name
		ADDED from src/main/AndroidManifest.xml:19:19-47
activity#edu.msu.perrym23.project1.GameCompleteActivity
ADDED from src/main/AndroidManifest.xml:23:9-24:41
	android:launchMode
		ADDED from src/main/AndroidManifest.xml:24:9-39
	android:name
		ADDED from src/main/AndroidManifest.xml:23:19-55
activity#edu.msu.perrym23.project1.LoginUserActivity
ADDED from src/main/AndroidManifest.xml:26:9-54
	android:name
		ADDED from src/main/AndroidManifest.xml:26:19-52
meta-data#net.hockeyapp.android.appIdentifier
ADDED from src/main/AndroidManifest.xml:28:9-30:51
	android:value
		ADDED from src/main/AndroidManifest.xml:30:13-48
		INJECTED from src/main/AndroidManifest.xml
	android:name
		ADDED from src/main/AndroidManifest.xml:29:13-63
uses-sdk
INJECTED from src/main/AndroidManifest.xml reason: use-sdk injection requested
MERGED from [net.hockeyapp.android:HockeySDK:4.1.1] AndroidManifest.xml:7:5-9:41
MERGED from [com.jakewharton:butterknife:8.4.0] AndroidManifest.xml:5:5-43
MERGED from [com.android.support:design:25.0.0] AndroidManifest.xml:21:5-23:62
MERGED from [com.android.support:support-v4:25.0.0] AndroidManifest.xml:21:5-23:54
MERGED from [com.android.support:support-compat:25.0.0] AndroidManifest.xml:21:5-23:58
MERGED from [com.android.support:support-media-compat:25.0.0] AndroidManifest.xml:21:5-23:63
MERGED from [com.android.support:support-core-utils:25.0.0] AndroidManifest.xml:21:5-23:61
MERGED from [com.android.support:support-core-ui:25.0.0] AndroidManifest.xml:21:5-23:58
MERGED from [com.android.support:support-fragment:25.0.0] AndroidManifest.xml:21:5-23:60
MERGED from [com.android.support:appcompat-v7:25.0.0] AndroidManifest.xml:21:5-23:78
MERGED from [com.android.support:support-vector-drawable:25.0.0] AndroidManifest.xml:21:5-43
MERGED from [com.android.support:animated-vector-drawable:25.0.0] AndroidManifest.xml:20:5-44
MERGED from [com.android.support:recyclerview-v7:25.0.0] AndroidManifest.xml:20:5-43
MERGED from [com.android.support:transition:25.0.0] AndroidManifest.xml:20:5-44
MERGED from [uk.co.chrisjenx:calligraphy:2.2.0] AndroidManifest.xml:7:5-9:41
	tools:overrideLibrary
		ADDED from [com.android.support:design:25.0.0] AndroidManifest.xml:23:9-59
	android:targetSdkVersion
		INJECTED from src/main/AndroidManifest.xml
		INJECTED from src/main/AndroidManifest.xml
	android:minSdkVersion
		INJECTED from src/main/AndroidManifest.xml
		INJECTED from src/main/AndroidManifest.xml
uses-permission#android.permission.ACCESS_NETWORK_STATE
ADDED from [net.hockeyapp.android:HockeySDK:4.1.1] AndroidManifest.xml:11:5-79
	android:name
		ADDED from [net.hockeyapp.android:HockeySDK:4.1.1] AndroidManifest.xml:11:22-76
uses-permission#android.permission.INTERNET
ADDED from [net.hockeyapp.android:HockeySDK:4.1.1] AndroidManifest.xml:12:5-67
	android:name
		ADDED from [net.hockeyapp.android:HockeySDK:4.1.1] AndroidManifest.xml:12:22-64
uses-permission#android.permission.WRITE_EXTERNAL_STORAGE
ADDED from [net.hockeyapp.android:HockeySDK:4.1.1] AndroidManifest.xml:13:5-81
	android:name
		ADDED from [net.hockeyapp.android:HockeySDK:4.1.1] AndroidManifest.xml:13:22-78
activity#net.hockeyapp.android.UpdateActivity
ADDED from [net.hockeyapp.android:HockeySDK:4.1.1] AndroidManifest.xml:16:9-73
	android:name
		ADDED from [net.hockeyapp.android:HockeySDK:4.1.1] AndroidManifest.xml:16:19-70
activity#net.hockeyapp.android.FeedbackActivity
ADDED from [net.hockeyapp.android:HockeySDK:4.1.1] AndroidManifest.xml:17:9-75
	android:name
		ADDED from [net.hockeyapp.android:HockeySDK:4.1.1] AndroidManifest.xml:17:19-72
activity#net.hockeyapp.android.PaintActivity
ADDED from [net.hockeyapp.android:HockeySDK:4.1.1] AndroidManifest.xml:18:9-72
	android:name
		ADDED from [net.hockeyapp.android:HockeySDK:4.1.1] AndroidManifest.xml:18:19-69
activity#net.hockeyapp.android.LoginActivity
ADDED from [net.hockeyapp.android:HockeySDK:4.1.1] AndroidManifest.xml:19:9-72
	android:name
		ADDED from [net.hockeyapp.android:HockeySDK:4.1.1] AndroidManifest.xml:19:19-69
activity#net.hockeyapp.android.ExpiryInfoActivity
ADDED from [net.hockeyapp.android:HockeySDK:4.1.1] AndroidManifest.xml:20:9-77
	android:name
		ADDED from [net.hockeyapp.android:HockeySDK:4.1.1] AndroidManifest.xml:20:19-74
android:uses-permission#android.permission.READ_EXTERNAL_STORAGE
IMPLIED from src/main/AndroidManifest.xml:2:1-34:12 reason: net.hockeyapp.android requested WRITE_EXTERNAL_STORAGE